<?xml version="1.0" encoding="UTF-8"?>
<testng-results ignored="0" total="7" passed="7" failed="0" skipped="0">
  <reporter-output>
  </reporter-output>
  <suite started-at="2025-12-06T23:23:07 EST" name="Suite" finished-at="2025-12-06T23:23:22 EST" duration-ms="14802">
    <groups>
      <group name="cucumber">
        <method signature="AbstractTestNGCucumberTests.runScenario(io.cucumber.testng.PickleWrapper,io.cucumber.testng.FeatureWrapper)[pri:0, instance:com.runner.TestRunner@59309333]" name="runScenario" class="io.cucumber.testng.AbstractTestNGCucumberTests"/>
      </group> <!-- cucumber -->
    </groups>
    <test started-at="2025-12-06T23:23:07 EST" name="Test" finished-at="2025-12-06T23:23:22 EST" duration-ms="14802">
      <class name="com.runner.TestRunner">
        <test-method is-config="true" signature="setUpClass(org.testng.ITestContext)[pri:0, instance:com.runner.TestRunner@59309333]" started-at="2025-12-06T23:23:07 EST" name="setUpClass" finished-at="2025-12-06T23:23:07 EST" duration-ms="112" status="PASS">
          <params>
            <param index="0">
              <value>
                <![CDATA[org.testng.TestRunner@d5af0a5]]>
              </value>
            </param>
          </params>
          <reporter-output>
          </reporter-output>
        </test-method> <!-- setUpClass -->
        <test-method signature="runScenario(io.cucumber.testng.PickleWrapper,io.cucumber.testng.FeatureWrapper)[pri:0, instance:com.runner.TestRunner@59309333]" started-at="2025-12-06T23:23:07 EST" name="runScenario" description="Runs Cucumber Scenarios" data-provider="scenarios" finished-at="2025-12-06T23:23:09 EST" duration-ms="2250" status="PASS">
          <params>
            <param index="0">
              <value>
                <![CDATA["Login with valid credential"]]>
              </value>
            </param>
            <param index="1">
              <value>
                <![CDATA["Test login function"]]>
              </value>
            </param>
          </params>
          <reporter-output>
          </reporter-output>
        </test-method> <!-- runScenario -->
        <test-method signature="runScenario(io.cucumber.testng.PickleWrapper,io.cucumber.testng.FeatureWrapper)[pri:0, instance:com.runner.TestRunner@59309333]" started-at="2025-12-06T23:23:09 EST" name="runScenario" description="Runs Cucumber Scenarios" data-provider="scenarios" finished-at="2025-12-06T23:23:11 EST" duration-ms="1962" status="PASS">
          <params>
            <param index="0">
              <value>
                <![CDATA["Login with invalid credential"]]>
              </value>
            </param>
            <param index="1">
              <value>
                <![CDATA["Test login function"]]>
              </value>
            </param>
          </params>
          <reporter-output>
          </reporter-output>
        </test-method> <!-- runScenario -->
        <test-method signature="runScenario(io.cucumber.testng.PickleWrapper,io.cucumber.testng.FeatureWrapper)[pri:0, instance:com.runner.TestRunner@59309333]" started-at="2025-12-06T23:23:11 EST" name="runScenario" description="Runs Cucumber Scenarios" data-provider="scenarios" finished-at="2025-12-06T23:23:13 EST" duration-ms="1943" status="PASS">
          <params>
            <param index="0">
              <value>
                <![CDATA["Login with invalid username and valid password credential"]]>
              </value>
            </param>
            <param index="1">
              <value>
                <![CDATA["Test login function"]]>
              </value>
            </param>
          </params>
          <reporter-output>
          </reporter-output>
        </test-method> <!-- runScenario -->
        <test-method signature="runScenario(io.cucumber.testng.PickleWrapper,io.cucumber.testng.FeatureWrapper)[pri:0, instance:com.runner.TestRunner@59309333]" started-at="2025-12-06T23:23:13 EST" name="runScenario" description="Runs Cucumber Scenarios" data-provider="scenarios" finished-at="2025-12-06T23:23:15 EST" duration-ms="1993" status="PASS">
          <params>
            <param index="0">
              <value>
                <![CDATA["Login with valid username and invalid password credential"]]>
              </value>
            </param>
            <param index="1">
              <value>
                <![CDATA["Test login function"]]>
              </value>
            </param>
          </params>
          <reporter-output>
          </reporter-output>
        </test-method> <!-- runScenario -->
        <test-method signature="runScenario(io.cucumber.testng.PickleWrapper,io.cucumber.testng.FeatureWrapper)[pri:0, instance:com.runner.TestRunner@59309333]" started-at="2025-12-06T23:23:15 EST" name="runScenario" description="Runs Cucumber Scenarios" data-provider="scenarios" finished-at="2025-12-06T23:23:17 EST" duration-ms="1881" status="PASS">
          <params>
            <param index="0">
              <value>
                <![CDATA["Login with empty credential"]]>
              </value>
            </param>
            <param index="1">
              <value>
                <![CDATA["Test login function"]]>
              </value>
            </param>
          </params>
          <reporter-output>
          </reporter-output>
        </test-method> <!-- runScenario -->
        <test-method signature="runScenario(io.cucumber.testng.PickleWrapper,io.cucumber.testng.FeatureWrapper)[pri:0, instance:com.runner.TestRunner@59309333]" started-at="2025-12-06T23:23:17 EST" name="runScenario" description="Runs Cucumber Scenarios" data-provider="scenarios" finished-at="2025-12-06T23:23:19 EST" duration-ms="1967" status="PASS">
          <params>
            <param index="0">
              <value>
                <![CDATA["Login with empty username and valid password"]]>
              </value>
            </param>
            <param index="1">
              <value>
                <![CDATA["Test login function"]]>
              </value>
            </param>
          </params>
          <reporter-output>
          </reporter-output>
        </test-method> <!-- runScenario -->
        <test-method signature="runScenario(io.cucumber.testng.PickleWrapper,io.cucumber.testng.FeatureWrapper)[pri:0, instance:com.runner.TestRunner@59309333]" started-at="2025-12-06T23:23:19 EST" name="runScenario" description="Runs Cucumber Scenarios" data-provider="scenarios" finished-at="2025-12-06T23:23:22 EST" duration-ms="2453" status="PASS">
          <params>
            <param index="0">
              <value>
                <![CDATA["Login with valid username and empty password"]]>
              </value>
            </param>
            <param index="1">
              <value>
                <![CDATA["Test login function"]]>
              </value>
            </param>
          </params>
          <reporter-output>
          </reporter-output>
        </test-method> <!-- runScenario -->
        <test-method is-config="true" signature="tearDownClass()[pri:0, instance:com.runner.TestRunner@59309333]" started-at="2025-12-06T23:23:22 EST" name="tearDownClass" finished-at="2025-12-06T23:23:22 EST" duration-ms="214" status="PASS">
          <reporter-output>
          </reporter-output>
        </test-method> <!-- tearDownClass -->
      </class> <!-- com.runner.TestRunner -->
    </test> <!-- Test -->
  </suite> <!-- Suite -->
</testng-results>
