<?xml version="1.0" encoding="UTF-8"?>
<!-- Generated by org.testng.reporters.JUnitReportReporter -->
<testsuite hostname="Parthas-MacBook-Air.local" failures="0" tests="7" name="com.runner.TestRunner" time="16.176" errors="0" timestamp="2025-12-06T23:16:05 EST" skipped="0">
  <testcase classname="com.runner.TestRunner" name="runScenario" time="2.003"/>
  <testcase classname="com.runner.TestRunner" name="runScenario" time="1.897"/>
  <testcase classname="com.runner.TestRunner" name="runScenario" time="3.573"/>
  <testcase classname="com.runner.TestRunner" name="runScenario" time="2.138"/>
  <testcase classname="com.runner.TestRunner" name="runScenario" time="2.014"/>
  <testcase classname="com.runner.TestRunner" name="runScenario" time="2.072"/>
  <testcase classname="com.runner.TestRunner" name="runScenario" time="2.479"/>
</testsuite> <!-- com.runner.TestRunner -->
