<?xml version="1.0" encoding="UTF-8"?>
<!-- Generated by org.testng.reporters.JUnitReportReporter -->
<testsuite hostname="Parthas-MacBook-Air.local" failures="0" tests="14" name="com.runner.TestRunner" time="42.238" errors="0" timestamp="2025-12-07T01:54:41 EST" skipped="0">
  <testcase classname="com.runner.TestRunner" name="runScenario" time="2.728"/>
  <testcase classname="com.runner.TestRunner" name="runScenario" time="2.466"/>
  <testcase classname="com.runner.TestRunner" name="runScenario" time="3.233"/>
  <testcase classname="com.runner.TestRunner" name="runScenario" time="3.268"/>
  <testcase classname="com.runner.TestRunner" name="runScenario" time="3.608"/>
  <testcase classname="com.runner.TestRunner" name="runScenario" time="2.920"/>
  <testcase classname="com.runner.TestRunner" name="runScenario" time="2.327"/>
  <testcase classname="com.runner.TestRunner" name="runScenario" time="3.191"/>
  <testcase classname="com.runner.TestRunner" name="runScenario" time="3.284"/>
  <testcase classname="com.runner.TestRunner" name="runScenario" time="3.125"/>
  <testcase classname="com.runner.TestRunner" name="runScenario" time="2.964"/>
  <testcase classname="com.runner.TestRunner" name="runScenario" time="2.544"/>
  <testcase classname="com.runner.TestRunner" name="runScenario" time="3.339"/>
  <testcase classname="com.runner.TestRunner" name="runScenario" time="3.241"/>
</testsuite> <!-- com.runner.TestRunner -->
