<?xml version="1.0" encoding="UTF-8"?>
<!-- Generated by org.testng.reporters.JUnitReportReporter -->
<testsuite hostname="Parthas-MacBook-Air.local" failures="0" tests="7" name="com.runner.TestRunner" time="14.449" errors="0" timestamp="2025-12-06T23:23:22 EST" skipped="0">
  <testcase classname="com.runner.TestRunner" name="runScenario" time="1.881"/>
  <testcase classname="com.runner.TestRunner" name="runScenario" time="2.250"/>
  <testcase classname="com.runner.TestRunner" name="runScenario" time="1.943"/>
  <testcase classname="com.runner.TestRunner" name="runScenario" time="1.967"/>
  <testcase classname="com.runner.TestRunner" name="runScenario" time="1.993"/>
  <testcase classname="com.runner.TestRunner" name="runScenario" time="1.962"/>
  <testcase classname="com.runner.TestRunner" name="runScenario" time="2.453"/>
</testsuite> <!-- com.runner.TestRunner -->
